[2024-01-11 22:59:14,273: INFO: main: >>>>>> stage Data Ingestion stage started <<<<<<]
[2024-01-11 22:59:14,292: INFO: common: yaml file: config\config.yaml loaded successfully]
[2024-01-11 22:59:14,292: INFO: common: yaml file: params.yaml loaded successfully]
[2024-01-11 22:59:14,292: INFO: common: yaml file: schema.yaml loaded successfully]
[2024-01-11 22:59:14,292: INFO: common: created directory at: artifacts]
[2024-01-11 22:59:14,292: INFO: common: created directory at: artifacts/data_ingestion]
[2024-01-11 22:59:15,804: INFO: data_ingestion: artifacts/data_ingestion/data.zip download! with following info: 
Connection: close
Content-Length: 23329
Cache-Control: max-age=300
Content-Security-Policy: default-src 'none'; style-src 'unsafe-inline'; sandbox
Content-Type: application/zip
ETag: "c69888a4ae59bc5a893392785a938ccd4937981c06ba8a9d6a21aa52b4ab5b6e"
Strict-Transport-Security: max-age=31536000
X-Content-Type-Options: nosniff
X-Frame-Options: deny
X-XSS-Protection: 1; mode=block
X-GitHub-Request-Id: F0CC:17E137:1E0444:2BA14D:65A020D8
Accept-Ranges: bytes
Date: Thu, 11 Jan 2024 17:29:16 GMT
Via: 1.1 varnish
X-Served-By: cache-hyd1100030-HYD
X-Cache: HIT
X-Cache-Hits: 1
X-Timer: S1704994156.790264,VS0,VE280
Vary: Authorization,Accept-Encoding,Origin
Access-Control-Allow-Origin: *
Cross-Origin-Resource-Policy: cross-origin
X-Fastly-Request-ID: 4abfea9ed5b4768af7c3e6121206ee92070204bc
Expires: Thu, 11 Jan 2024 17:34:16 GMT
Source-Age: 0

]
[2024-01-11 22:59:15,819: INFO: main: >>>>>> stage Data Ingestion stage completed <<<<<<

x==========x]
[2024-01-11 22:59:15,819: INFO: main: >>>>>> stage Data Validation stage started <<<<<<]
[2024-01-11 22:59:15,828: INFO: common: yaml file: config\config.yaml loaded successfully]
[2024-01-11 22:59:15,828: INFO: common: yaml file: params.yaml loaded successfully]
[2024-01-11 22:59:15,834: INFO: common: yaml file: schema.yaml loaded successfully]
[2024-01-11 22:59:15,834: INFO: common: created directory at: artifacts]
[2024-01-11 22:59:15,834: INFO: common: created directory at: artifacts/data_validation]
[2024-01-11 22:59:15,846: INFO: main: >>>>>> stage Data Validation stage completed <<<<<<

x==========x]
[2024-01-11 22:59:15,846: INFO: main: >>>>>> stage Data Transformation stage started <<<<<<]
[2024-01-11 22:59:15,859: INFO: common: yaml file: config\config.yaml loaded successfully]
[2024-01-11 22:59:15,861: INFO: common: yaml file: params.yaml loaded successfully]
[2024-01-11 22:59:15,862: INFO: common: yaml file: schema.yaml loaded successfully]
[2024-01-11 22:59:15,862: INFO: common: created directory at: artifacts]
[2024-01-11 22:59:15,862: INFO: common: created directory at: artifacts/data_transformation]
[2024-01-11 22:59:15,891: INFO: data_transformation: Splited data into training and test sets]
[2024-01-11 22:59:15,891: INFO: data_transformation: (1199, 12)]
[2024-01-11 22:59:15,891: INFO: data_transformation: (400, 12)]
[2024-01-11 22:59:15,894: INFO: main: >>>>>> stage Data Transformation stage completed <<<<<<

x==========x]
[2024-01-11 22:59:15,896: INFO: main: >>>>>> stage Model Trainer stage started <<<<<<]
[2024-01-11 22:59:15,896: INFO: common: yaml file: config\config.yaml loaded successfully]
[2024-01-11 22:59:15,896: INFO: common: yaml file: params.yaml loaded successfully]
[2024-01-11 22:59:15,896: INFO: common: yaml file: schema.yaml loaded successfully]
[2024-01-11 22:59:15,907: INFO: common: created directory at: artifacts]
[2024-01-11 22:59:15,907: INFO: common: created directory at: artifacts/model_trainer]
[2024-01-11 22:59:15,923: INFO: main: >>>>>> stage Model Trainer stage completed <<<<<<

x==========x]
[2024-01-11 22:59:15,923: INFO: main: >>>>>> stage Model evaluation stage started <<<<<<]
[2024-01-11 22:59:15,929: INFO: common: yaml file: config\config.yaml loaded successfully]
[2024-01-11 22:59:15,929: INFO: common: yaml file: params.yaml loaded successfully]
[2024-01-11 22:59:15,929: INFO: common: yaml file: schema.yaml loaded successfully]
[2024-01-11 22:59:15,929: INFO: common: created directory at: artifacts]
[2024-01-11 22:59:15,929: INFO: common: created directory at: artifacts/model_evaluation]
[2024-01-11 22:59:15,945: INFO: common: json file saved at: artifacts\model_evaluation\metrics.json]
[2024-01-11 22:59:15,945: INFO: main: >>>>>> stage Model evaluation stage completed <<<<<<

x==========x]
